Determining if the include file pthread.h exists failed with the following output:
Change Dir: D:/Marching_Cubes/Code/Marching_Cubes/build/CMakeFiles/CMakeTmp

Run Build Command(s):C:/MinGW/bin/mingw32-make.exe -f Makefile cmTC_18275/fast && mingw32-make.exe[1]: Entering directory 'D:/Marching_Cubes/Code/Marching_Cubes/build/CMakeFiles/CMakeTmp'
C:/MinGW/bin/mingw32-make.exe  -f CMakeFiles\cmTC_18275.dir\build.make CMakeFiles/cmTC_18275.dir/build
mingw32-make.exe[2]: Entering directory 'D:/Marching_Cubes/Code/Marching_Cubes/build/CMakeFiles/CMakeTmp'
Building C object CMakeFiles/cmTC_18275.dir/CheckIncludeFile.c.obj
C:\MinGW\bin\mingw32-gcc.exe    -o CMakeFiles\cmTC_18275.dir\CheckIncludeFile.c.obj -c D:\Marching_Cubes\Code\Marching_Cubes\build\CMakeFiles\CMakeTmp\CheckIncludeFile.c
D:\Marching_Cubes\Code\Marching_Cubes\build\CMakeFiles\CMakeTmp\CheckIncludeFile.c:1:10: fatal error: pthread.h: No such file or directory
    1 | #include <pthread.h>
      |          ^~~~~~~~~~~
compilation terminated.
CMakeFiles\cmTC_18275.dir\build.make:76: recipe for target 'CMakeFiles/cmTC_18275.dir/CheckIncludeFile.c.obj' failed
mingw32-make.exe[2]: *** [CMakeFiles/cmTC_18275.dir/CheckIncludeFile.c.obj] Error 1
mingw32-make.exe[2]: Leaving directory 'D:/Marching_Cubes/Code/Marching_Cubes/build/CMakeFiles/CMakeTmp'
Makefile:126: recipe for target 'cmTC_18275/fast' failed
mingw32-make.exe[1]: *** [cmTC_18275/fast] Error 2
mingw32-make.exe[1]: Leaving directory 'D:/Marching_Cubes/Code/Marching_Cubes/build/CMakeFiles/CMakeTmp'



Determining if the include file dinput.h exists failed with the following output:
Change Dir: D:/Marching_Cubes/Code/Marching_Cubes/build/CMakeFiles/CMakeTmp

Run Build Command(s):C:/MinGW/bin/mingw32-make.exe -f Makefile cmTC_bb7f8/fast && mingw32-make.exe[1]: Entering directory 'D:/Marching_Cubes/Code/Marching_Cubes/build/CMakeFiles/CMakeTmp'
C:/MinGW/bin/mingw32-make.exe  -f CMakeFiles\cmTC_bb7f8.dir\build.make CMakeFiles/cmTC_bb7f8.dir/build
mingw32-make.exe[2]: Entering directory 'D:/Marching_Cubes/Code/Marching_Cubes/build/CMakeFiles/CMakeTmp'
Building C object CMakeFiles/cmTC_bb7f8.dir/CheckIncludeFile.c.obj
C:\MinGW\bin\mingw32-gcc.exe    -o CMakeFiles\cmTC_bb7f8.dir\CheckIncludeFile.c.obj -c D:\Marching_Cubes\Code\Marching_Cubes\build\CMakeFiles\CMakeTmp\CheckIncludeFile.c
D:\Marching_Cubes\Code\Marching_Cubes\build\CMakeFiles\CMakeTmp\CheckIncludeFile.c:1:10: fatal error: dinput.h: No such file or directory
    1 | #include <dinput.h>
      |          ^~~~~~~~~~
compilation terminated.
CMakeFiles\cmTC_bb7f8.dir\build.make:76: recipe for target 'CMakeFiles/cmTC_bb7f8.dir/CheckIncludeFile.c.obj' failed
mingw32-make.exe[2]: *** [CMakeFiles/cmTC_bb7f8.dir/CheckIncludeFile.c.obj] Error 1
mingw32-make.exe[2]: Leaving directory 'D:/Marching_Cubes/Code/Marching_Cubes/build/CMakeFiles/CMakeTmp'
Makefile:126: recipe for target 'cmTC_bb7f8/fast' failed
mingw32-make.exe[1]: *** [cmTC_bb7f8/fast] Error 2
mingw32-make.exe[1]: Leaving directory 'D:/Marching_Cubes/Code/Marching_Cubes/build/CMakeFiles/CMakeTmp'



Determining if the include file xinput.h exists failed with the following output:
Change Dir: D:/Marching_Cubes/Code/Marching_Cubes/build/CMakeFiles/CMakeTmp

Run Build Command(s):C:/MinGW/bin/mingw32-make.exe -f Makefile cmTC_9dc37/fast && mingw32-make.exe[1]: Entering directory 'D:/Marching_Cubes/Code/Marching_Cubes/build/CMakeFiles/CMakeTmp'
C:/MinGW/bin/mingw32-make.exe  -f CMakeFiles\cmTC_9dc37.dir\build.make CMakeFiles/cmTC_9dc37.dir/build
mingw32-make.exe[2]: Entering directory 'D:/Marching_Cubes/Code/Marching_Cubes/build/CMakeFiles/CMakeTmp'
Building C object CMakeFiles/cmTC_9dc37.dir/CheckIncludeFile.c.obj
C:\MinGW\bin\mingw32-gcc.exe    -o CMakeFiles\cmTC_9dc37.dir\CheckIncludeFile.c.obj -c D:\Marching_Cubes\Code\Marching_Cubes\build\CMakeFiles\CMakeTmp\CheckIncludeFile.c
D:\Marching_Cubes\Code\Marching_Cubes\build\CMakeFiles\CMakeTmp\CheckIncludeFile.c:1:10: fatal error: xinput.h: No such file or directory
    1 | #include <xinput.h>
      |          ^~~~~~~~~~
compilation terminated.
CMakeFiles\cmTC_9dc37.dir\build.make:76: recipe for target 'CMakeFiles/cmTC_9dc37.dir/CheckIncludeFile.c.obj' failed
mingw32-make.exe[2]: *** [CMakeFiles/cmTC_9dc37.dir/CheckIncludeFile.c.obj] Error 1
mingw32-make.exe[2]: Leaving directory 'D:/Marching_Cubes/Code/Marching_Cubes/build/CMakeFiles/CMakeTmp'
Makefile:126: recipe for target 'cmTC_9dc37/fast' failed
mingw32-make.exe[1]: *** [cmTC_9dc37/fast] Error 2
mingw32-make.exe[1]: Leaving directory 'D:/Marching_Cubes/Code/Marching_Cubes/build/CMakeFiles/CMakeTmp'



Performing C SOURCE FILE Test _GLFW_HAS_64ASLR failed with the following output:
Change Dir: D:/Marching_Cubes/Code/Marching_Cubes/build/CMakeFiles/CMakeTmp

Run Build Command(s):C:/MinGW/bin/mingw32-make.exe -f Makefile cmTC_ec90d/fast && mingw32-make.exe[1]: Entering directory 'D:/Marching_Cubes/Code/Marching_Cubes/build/CMakeFiles/CMakeTmp'
C:/MinGW/bin/mingw32-make.exe  -f CMakeFiles\cmTC_ec90d.dir\build.make CMakeFiles/cmTC_ec90d.dir/build
mingw32-make.exe[2]: Entering directory 'D:/Marching_Cubes/Code/Marching_Cubes/build/CMakeFiles/CMakeTmp'
Building C object CMakeFiles/cmTC_ec90d.dir/src.c.obj
C:\MinGW\bin\mingw32-gcc.exe -D_GLFW_HAS_64ASLR  -Wl,--high-entropy-va -o CMakeFiles\cmTC_ec90d.dir\src.c.obj -c D:\Marching_Cubes\Code\Marching_Cubes\build\CMakeFiles\CMakeTmp\src.c
Linking C executable cmTC_ec90d.exe
"C:\Program Files\CMake\bin\cmake.exe" -E cmake_link_script CMakeFiles\cmTC_ec90d.dir\link.txt --verbose=1
"C:\Program Files\CMake\bin\cmake.exe" -E rm -f CMakeFiles\cmTC_ec90d.dir/objects.a
C:\MinGW\bin\ar.exe qc CMakeFiles\cmTC_ec90d.dir/objects.a @CMakeFiles\cmTC_ec90d.dir\objects1.rsp
C:\MinGW\bin\mingw32-gcc.exe  -Wl,--high-entropy-va -Wl,--whole-archive CMakeFiles\cmTC_ec90d.dir/objects.a -Wl,--no-whole-archive -o cmTC_ec90d.exe -Wl,--out-implib,libcmTC_ec90d.dll.a -Wl,--major-image-version,0,--minor-image-version,0 @CMakeFiles\cmTC_ec90d.dir\linklibs.rsp
c:/mingw/bin/../lib/gcc/mingw32/9.2.0/../../../../mingw32/bin/ld.exe: unrecognized option '--high-entropy-va'
c:/mingw/bin/../lib/gcc/mingw32/9.2.0/../../../../mingw32/bin/ld.exe: use the --help option for usage information
collect2.exe: error: ld returned 1 exit status
CMakeFiles\cmTC_ec90d.dir\build.make:99: recipe for target 'cmTC_ec90d.exe' failed
mingw32-make.exe[2]: *** [cmTC_ec90d.exe] Error 1
mingw32-make.exe[2]: Leaving directory 'D:/Marching_Cubes/Code/Marching_Cubes/build/CMakeFiles/CMakeTmp'
Makefile:126: recipe for target 'cmTC_ec90d/fast' failed
mingw32-make.exe[1]: *** [cmTC_ec90d/fast] Error 2
mingw32-make.exe[1]: Leaving directory 'D:/Marching_Cubes/Code/Marching_Cubes/build/CMakeFiles/CMakeTmp'


Source file was:
int main(void) { return 0; }
